This is pdfTeX, Version 3.14159265-2.6-1.40.20 (TeX Live 2019/W32TeX) (preloaded format=pdflatex 2020.1.25)  27 JAN 2020 18:50
entering extended mode
 restricted \write18 enabled.
 %&-line parsing enabled.
**GS_physics_in_fluid_speech.tex
(./GS_physics_in_fluid_speech.tex
LaTeX2e <2019-10-01> patch level 3
(c:/Users/wimpo/AppData/Roaming/TinyTeX/texmf-dist/tex/latex/apa6/apa6.cls
Document Class: apa6 2020/01/13 v2.34 APA formatting (6th edition)
(c:/Users/wimpo/AppData/Roaming/TinyTeX/texmf-dist/tex/latex/base/article.cls
Document Class: article 2019/10/25 v1.4k Standard LaTeX document class
(c:/Users/wimpo/AppData/Roaming/TinyTeX/texmf-dist/tex/latex/base/size12.clo
File: size12.clo 2019/10/25 v1.4k Standard LaTeX file (size option)
)
\c@part=\count80
\c@section=\count81
\c@subsection=\count82
\c@subsubsection=\count83
\c@paragraph=\count84
\c@subparagraph=\count85
\c@figure=\count86
\c@table=\count87
\abovecaptionskip=\skip41
\belowcaptionskip=\skip42
\bibindent=\dimen102
)
(c:/Users/wimpo/AppData/Roaming/TinyTeX/texmf-dist/tex/latex/etoolbox/etoolbox.
sty
Package: etoolbox 2019/09/21 v2.5h e-TeX tools for LaTeX (JAW)
\etb@tempcnta=\count88
)
Class apa6 Info: No bibliography package was specified; defaulting to (but not 
loading) Biblatex on input line 213.
(c:/Users/wimpo/AppData/Roaming/TinyTeX/texmf-dist/tex/latex/lm/lmodern.sty
Package: lmodern 2009/10/30 v1.6 Latin Modern Fonts
LaTeX Font Info:    Overwriting symbol font `operators' in version `normal'
(Font)                  OT1/cmr/m/n --> OT1/lmr/m/n on input line 22.
LaTeX Font Info:    Overwriting symbol font `letters' in version `normal'
(Font)                  OML/cmm/m/it --> OML/lmm/m/it on input line 23.
LaTeX Font Info:    Overwriting symbol font `symbols' in version `normal'
(Font)                  OMS/cmsy/m/n --> OMS/lmsy/m/n on input line 24.
LaTeX Font Info:    Overwriting symbol font `largesymbols' in version `normal'
(Font)                  OMX/cmex/m/n --> OMX/lmex/m/n on input line 25.
LaTeX Font Info:    Overwriting symbol font `operators' in version `bold'
(Font)                  OT1/cmr/bx/n --> OT1/lmr/bx/n on input line 26.
LaTeX Font Info:    Overwriting symbol font `letters' in version `bold'
(Font)                  OML/cmm/b/it --> OML/lmm/b/it on input line 27.
LaTeX Font Info:    Overwriting symbol font `symbols' in version `bold'
(Font)                  OMS/cmsy/b/n --> OMS/lmsy/b/n on input line 28.
LaTeX Font Info:    Overwriting symbol font `largesymbols' in version `bold'
(Font)                  OMX/cmex/m/n --> OMX/lmex/m/n on input line 29.
LaTeX Font Info:    Overwriting math alphabet `\mathbf' in version `normal'
(Font)                  OT1/cmr/bx/n --> OT1/lmr/bx/n on input line 31.
LaTeX Font Info:    Overwriting math alphabet `\mathsf' in version `normal'
(Font)                  OT1/cmss/m/n --> OT1/lmss/m/n on input line 32.
LaTeX Font Info:    Overwriting math alphabet `\mathit' in version `normal'
(Font)                  OT1/cmr/m/it --> OT1/lmr/m/it on input line 33.
LaTeX Font Info:    Overwriting math alphabet `\mathtt' in version `normal'
(Font)                  OT1/cmtt/m/n --> OT1/lmtt/m/n on input line 34.
LaTeX Font Info:    Overwriting math alphabet `\mathbf' in version `bold'
(Font)                  OT1/cmr/bx/n --> OT1/lmr/bx/n on input line 35.
LaTeX Font Info:    Overwriting math alphabet `\mathsf' in version `bold'
(Font)                  OT1/cmss/bx/n --> OT1/lmss/bx/n on input line 36.
LaTeX Font Info:    Overwriting math alphabet `\mathit' in version `bold'
(Font)                  OT1/cmr/bx/it --> OT1/lmr/bx/it on input line 37.
LaTeX Font Info:    Overwriting math alphabet `\mathtt' in version `bold'
(Font)                  OT1/cmtt/m/n --> OT1/lmtt/m/n on input line 38.
) (c:/Users/wimpo/AppData/Roaming/TinyTeX/texmf-dist/tex/latex/base/fontenc.sty
Package: fontenc 2018/08/11 v2.0j Standard LaTeX package
(c:/Users/wimpo/AppData/Roaming/TinyTeX/texmf-dist/tex/latex/base/t1enc.def
File: t1enc.def 2018/08/11 v2.0j Standard LaTeX file
LaTeX Font Info:    Redeclaring font encoding T1 on input line 48.
))
(c:/Users/wimpo/AppData/Roaming/TinyTeX/texmf-dist/tex/latex/geometry/geometry.
sty
Package: geometry 2020/01/02 v5.9 Page Geometry

(c:/Users/wimpo/AppData/Roaming/TinyTeX/texmf-dist/tex/latex/graphics/keyval.st
y
Package: keyval 2014/10/28 v1.15 key=value parser (DPC)
\KV@toks@=\toks14
)
(c:/Users/wimpo/AppData/Roaming/TinyTeX/texmf-dist/tex/generic/iftex/ifvtex.sty
Package: ifvtex 2019/10/25 v1.7 ifvtex legacy package. Use iftex instead.
(c:/Users/wimpo/AppData/Roaming/TinyTeX/texmf-dist/tex/generic/iftex/iftex.sty
Package: iftex 2019/11/07 v1.0c TeX engine tests
))
\Gm@cnth=\count89
\Gm@cntv=\count90
\c@Gm@tempcnt=\count91
\Gm@bindingoffset=\dimen103
\Gm@wd@mp=\dimen104
\Gm@odd@mp=\dimen105
\Gm@even@mp=\dimen106
\Gm@layoutwidth=\dimen107
\Gm@layoutheight=\dimen108
\Gm@layouthoffset=\dimen109
\Gm@layoutvoffset=\dimen110
\Gm@dimlist=\toks15
)
(c:/Users/wimpo/AppData/Roaming/TinyTeX/texmf-dist/tex/latex/graphics/graphicx.
sty
Package: graphicx 2017/06/01 v1.1a Enhanced LaTeX Graphics (DPC,SPQR)

(c:/Users/wimpo/AppData/Roaming/TinyTeX/texmf-dist/tex/latex/graphics/graphics.
sty
Package: graphics 2019/11/01 v1.3d Standard LaTeX Graphics (DPC,SPQR)
(c:/Users/wimpo/AppData/Roaming/TinyTeX/texmf-dist/tex/latex/graphics/trig.sty
Package: trig 2016/01/03 v1.10 sin cos tan (DPC)
)
(c:/Users/wimpo/AppData/Roaming/TinyTeX/texmf-dist/tex/latex/graphics-cfg/graph
ics.cfg
File: graphics.cfg 2016/06/04 v1.11 sample graphics configuration
)
Package graphics Info: Driver file: pdftex.def on input line 105.

(c:/Users/wimpo/AppData/Roaming/TinyTeX/texmf-dist/tex/latex/graphics-def/pdfte
x.def
File: pdftex.def 2018/01/08 v1.0l Graphics/color driver for pdftex
))
\Gin@req@height=\dimen111
\Gin@req@width=\dimen112
)
(c:/Users/wimpo/AppData/Roaming/TinyTeX/texmf-dist/tex/latex/booktabs/booktabs.
sty
Package: booktabs 2020/01/12 v1.61803398 Publication quality tables
\heavyrulewidth=\dimen113
\lightrulewidth=\dimen114
\cmidrulewidth=\dimen115
\belowrulesep=\dimen116
\belowbottomsep=\dimen117
\aboverulesep=\dimen118
\abovetopsep=\dimen119
\cmidrulesep=\dimen120
\cmidrulekern=\dimen121
\defaultaddspace=\dimen122
\@cmidla=\count92
\@cmidlb=\count93
\@aboverulesep=\dimen123
\@belowrulesep=\dimen124
\@thisruleclass=\count94
\@lastruleclass=\count95
\@thisrulewidth=\dimen125
)
(c:/Users/wimpo/AppData/Roaming/TinyTeX/texmf-dist/tex/latex/threeparttable/thr
eeparttable.sty
Package: threeparttable 2003/06/13  v 3.0
\@tempboxb=\box27
)
\b@level@one@skip=\skip43
\e@level@one@skip=\skip44
\b@level@two@skip=\skip45
\e@level@two@skip=\skip46
\b@level@three@skip=\skip47
\e@level@three@skip=\skip48
\b@level@four@skip=\skip49
\e@level@four@skip=\skip50
\b@level@five@skip=\skip51
\e@level@five@skip=\skip52

(c:/Users/wimpo/AppData/Roaming/TinyTeX/texmf-dist/tex/latex/caption/caption.st
y
Package: caption 2020/01/03 v3.4h Customizing captions (AR)

(c:/Users/wimpo/AppData/Roaming/TinyTeX/texmf-dist/tex/latex/caption/caption3.s
ty
Package: caption3 2020/01/03 v1.8h caption3 kernel (AR)
Package caption3 Info: TeX engine: e-TeX on input line 61.
\captionmargin=\dimen126
\captionmargin@=\dimen127
\captionwidth=\dimen128
\caption@tempdima=\dimen129
\caption@indent=\dimen130
\caption@parindent=\dimen131
\caption@hangindent=\dimen132
Package caption Info: Standard document class detected.
)
\c@caption@flags=\count96
\c@continuedfloat=\count97
Package caption Info: threeparttable package is loaded.
)
\c@APAenum=\count98
\@text@par@indent=\skip53
\gr@box=\box28
\gr@boxwidth=\skip54
\gr@boxheight=\skip55
(c:/Users/wimpo/AppData/Roaming/TinyTeX/texmf-dist/tex/latex/tools/bm.sty
Package: bm 2019/07/24 v1.2d Bold Symbol Support (DPC/FMi)
\symboldoperators=\mathgroup4
\symboldletters=\mathgroup5
\symboldsymbols=\mathgroup6
LaTeX Font Info:    Redeclaring math alphabet \mathbf on input line 141.
LaTeX Info: Redefining \bm on input line 209.
)
\c@appendix=\count99

(c:/Users/wimpo/AppData/Roaming/TinyTeX/texmf-dist/tex/latex/fancyhdr/fancyhdr.
sty
Package: fancyhdr 2019/01/31 v3.10 Extensive control of page headers and footer
s
\f@nch@headwidth=\skip56
\f@nch@O@elh=\skip57
\f@nch@O@erh=\skip58
\f@nch@O@olh=\skip59
\f@nch@O@orh=\skip60
\f@nch@O@elf=\skip61
\f@nch@O@erf=\skip62
\f@nch@O@olf=\skip63
\f@nch@O@orf=\skip64
)
(c:/Users/wimpo/AppData/Roaming/TinyTeX/texmf-dist/tex/latex/endfloat/endfloat.
sty
Package: endfloat 2019/04/15 v2.7 LaTeX2e package puts figures and tables at en
d (jdm)
\c@posttable=\count100
\efloat@postttt=\write3
\@ef@tttopen=\count101
\c@postfigure=\count102
\efloat@postfff=\write4
\@ef@fffopen=\count103
) (c:/Users/wimpo/AppData/Roaming/TinyTeX/texmf-dist/tex/latex/float/float.sty
Package: float 2001/11/08 v1.3d Float enhancements (AL)
\c@float@type=\count104
\float@exts=\toks16
\float@box=\box29
\@float@everytoks=\toks17
\@floatcapt=\box30
))
(c:/Users/wimpo/AppData/Roaming/TinyTeX/texmf-dist/tex/latex/amsfonts/amssymb.s
ty
Package: amssymb 2013/01/14 v3.01 AMS font symbols

(c:/Users/wimpo/AppData/Roaming/TinyTeX/texmf-dist/tex/latex/amsfonts/amsfonts.
sty
Package: amsfonts 2013/01/14 v3.01 Basic AMSFonts support
\@emptytoks=\toks18
\symAMSa=\mathgroup7
\symAMSb=\mathgroup8
LaTeX Font Info:    Redeclaring math symbol \hbar on input line 98.
LaTeX Font Info:    Overwriting math alphabet `\mathfrak' in version `bold'
(Font)                  U/euf/m/n --> U/euf/b/n on input line 106.
))
(c:/Users/wimpo/AppData/Roaming/TinyTeX/texmf-dist/tex/latex/amsmath/amsmath.st
y
Package: amsmath 2019/11/16 v2.17d AMS math features
\@mathmargin=\skip65
For additional information on amsmath, use the `?' option.

(c:/Users/wimpo/AppData/Roaming/TinyTeX/texmf-dist/tex/latex/amsmath/amstext.st
y
Package: amstext 2000/06/29 v2.01 AMS text

(c:/Users/wimpo/AppData/Roaming/TinyTeX/texmf-dist/tex/latex/amsmath/amsgen.sty
File: amsgen.sty 1999/11/30 v2.0 generic functions
\@emptytoks=\toks19
\ex@=\dimen133
))
(c:/Users/wimpo/AppData/Roaming/TinyTeX/texmf-dist/tex/latex/amsmath/amsbsy.sty
Package: amsbsy 1999/11/29 v1.2d Bold Symbols
LaTeX Info: Redefining \boldsymbol on input line 28.
\pmbraise@=\dimen134
)
(c:/Users/wimpo/AppData/Roaming/TinyTeX/texmf-dist/tex/latex/amsmath/amsopn.sty
Package: amsopn 2016/03/08 v2.02 operator names
)
\inf@bad=\count105
LaTeX Info: Redefining \frac on input line 227.
\uproot@=\count106
\leftroot@=\count107
LaTeX Info: Redefining \overline on input line 389.
\classnum@=\count108
\DOTSCASE@=\count109
LaTeX Info: Redefining \ldots on input line 486.
LaTeX Info: Redefining \dots on input line 489.
LaTeX Info: Redefining \cdots on input line 610.
\Mathstrutbox@=\box31
\strutbox@=\box32
\big@size=\dimen135
LaTeX Font Info:    Redeclaring font encoding OML on input line 733.
LaTeX Font Info:    Redeclaring font encoding OMS on input line 734.
\macc@depth=\count110
\c@MaxMatrixCols=\count111
\dotsspace@=\muskip10
\c@parentequation=\count112
\dspbrk@lvl=\count113
\tag@help=\toks20
\row@=\count114
\column@=\count115
\maxfields@=\count116
\andhelp@=\toks21
\eqnshift@=\dimen136
\alignsep@=\dimen137
\tagshift@=\dimen138
\tagwidth@=\dimen139
\totwidth@=\dimen140
\lineht@=\dimen141
\@envbody=\toks22
\multlinegap=\skip66
\multlinetaggap=\skip67
\mathdisplay@stack=\toks23
LaTeX Info: Redefining \[ on input line 2858.
LaTeX Info: Redefining \] on input line 2859.
)
(c:/Users/wimpo/AppData/Roaming/TinyTeX/texmf-dist/tex/generic/iftex/ifxetex.st
y
Package: ifxetex 2019/10/25 v0.7 ifxetex legacy package. Use iftex instead.
)
(c:/Users/wimpo/AppData/Roaming/TinyTeX/texmf-dist/tex/generic/iftex/ifluatex.s
ty
Package: ifluatex 2019/10/25 v1.5 ifluatex legacy package. Use iftex instead.
) (c:/Users/wimpo/AppData/Roaming/TinyTeX/texmf-dist/tex/latex/base/fontenc.sty
Package: fontenc 2018/08/11 v2.0j Standard LaTeX package
(c:/Users/wimpo/AppData/Roaming/TinyTeX/texmf-dist/tex/latex/base/t1enc.def
File: t1enc.def 2018/08/11 v2.0j Standard LaTeX file
LaTeX Font Info:    Redeclaring font encoding T1 on input line 48.
)) (c:/Users/wimpo/AppData/Roaming/TinyTeX/texmf-dist/tex/latex/base/inputenc.s
ty
Package: inputenc 2018/08/11 v1.3c Input encoding file
\inpenc@prehook=\toks24
\inpenc@posthook=\toks25
) (c:/Users/wimpo/AppData/Roaming/TinyTeX/texmf-dist/tex/latex/base/textcomp.st
y
Package: textcomp 2018/08/11 v2.0j Standard LaTeX package
Package textcomp Info: Sub-encoding information:
(textcomp)               5 = only ISO-Adobe without \textcurrency
(textcomp)               4 = 5 + \texteuro
(textcomp)               3 = 4 + \textohm
(textcomp)               2 = 3 + \textestimated + \textcurrency
(textcomp)               1 = TS1 - \textcircled - \t
(textcomp)               0 = TS1 (full)
(textcomp)             Font families with sub-encoding setting implement
(textcomp)             only a restricted character set as indicated.
(textcomp)             Family '?' is the default used for unknown fonts.
(textcomp)             See the documentation for details.
Package textcomp Info: Setting ? sub-encoding to TS1/1 on input line 79.
(c:/Users/wimpo/AppData/Roaming/TinyTeX/texmf-dist/tex/latex/base/ts1enc.def
File: ts1enc.def 2001/06/05 v3.0e (jk/car/fm) Standard LaTeX file
Now handling font encoding TS1 ...
... processing UTF-8 mapping file for font encoding TS1
(c:/Users/wimpo/AppData/Roaming/TinyTeX/texmf-dist/tex/latex/base/ts1enc.dfu
File: ts1enc.dfu 2019/07/11 v1.2j UTF-8 support for inputenc
   defining Unicode char U+00A2 (decimal 162)
   defining Unicode char U+00A3 (decimal 163)
   defining Unicode char U+00A4 (decimal 164)
   defining Unicode char U+00A5 (decimal 165)
   defining Unicode char U+00A6 (decimal 166)
   defining Unicode char U+00A7 (decimal 167)
   defining Unicode char U+00A8 (decimal 168)
   defining Unicode char U+00A9 (decimal 169)
   defining Unicode char U+00AA (decimal 170)
   defining Unicode char U+00AC (decimal 172)
   defining Unicode char U+00AE (decimal 174)
   defining Unicode char U+00AF (decimal 175)
   defining Unicode char U+00B0 (decimal 176)
   defining Unicode char U+00B1 (decimal 177)
   defining Unicode char U+00B2 (decimal 178)
   defining Unicode char U+00B3 (decimal 179)
   defining Unicode char U+00B4 (decimal 180)
   defining Unicode char U+00B5 (decimal 181)
   defining Unicode char U+00B6 (decimal 182)
   defining Unicode char U+00B7 (decimal 183)
   defining Unicode char U+00B9 (decimal 185)
   defining Unicode char U+00BA (decimal 186)
   defining Unicode char U+00BC (decimal 188)
   defining Unicode char U+00BD (decimal 189)
   defining Unicode char U+00BE (decimal 190)
   defining Unicode char U+00D7 (decimal 215)
   defining Unicode char U+00F7 (decimal 247)
   defining Unicode char U+0192 (decimal 402)
   defining Unicode char U+02C7 (decimal 711)
   defining Unicode char U+02D8 (decimal 728)
   defining Unicode char U+02DD (decimal 733)
   defining Unicode char U+0E3F (decimal 3647)
   defining Unicode char U+2016 (decimal 8214)
   defining Unicode char U+2020 (decimal 8224)
   defining Unicode char U+2021 (decimal 8225)
   defining Unicode char U+2022 (decimal 8226)
   defining Unicode char U+2030 (decimal 8240)
   defining Unicode char U+2031 (decimal 8241)
   defining Unicode char U+203B (decimal 8251)
   defining Unicode char U+203D (decimal 8253)
   defining Unicode char U+2044 (decimal 8260)
   defining Unicode char U+204E (decimal 8270)
   defining Unicode char U+2052 (decimal 8274)
   defining Unicode char U+20A1 (decimal 8353)
   defining Unicode char U+20A4 (decimal 8356)
   defining Unicode char U+20A6 (decimal 8358)
   defining Unicode char U+20A9 (decimal 8361)
   defining Unicode char U+20AB (decimal 8363)
   defining Unicode char U+20AC (decimal 8364)
   defining Unicode char U+20B1 (decimal 8369)
   defining Unicode char U+2103 (decimal 8451)
   defining Unicode char U+2116 (decimal 8470)
   defining Unicode char U+2117 (decimal 8471)
   defining Unicode char U+211E (decimal 8478)
   defining Unicode char U+2120 (decimal 8480)
   defining Unicode char U+2122 (decimal 8482)
   defining Unicode char U+2126 (decimal 8486)
   defining Unicode char U+2127 (decimal 8487)
   defining Unicode char U+212E (decimal 8494)
   defining Unicode char U+2190 (decimal 8592)
   defining Unicode char U+2191 (decimal 8593)
   defining Unicode char U+2192 (decimal 8594)
   defining Unicode char U+2193 (decimal 8595)
   defining Unicode char U+2329 (decimal 9001)
   defining Unicode char U+232A (decimal 9002)
   defining Unicode char U+2422 (decimal 9250)
   defining Unicode char U+25E6 (decimal 9702)
   defining Unicode char U+25EF (decimal 9711)
   defining Unicode char U+266A (decimal 9834)
   defining Unicode char U+27E8 (decimal 10216)
   defining Unicode char U+27E9 (decimal 10217)
   defining Unicode char U+FEFF (decimal 65279)
))
LaTeX Info: Redefining \oldstylenums on input line 334.
Package textcomp Info: Setting cmr sub-encoding to TS1/0 on input line 349.
Package textcomp Info: Setting cmss sub-encoding to TS1/0 on input line 350.
Package textcomp Info: Setting cmtt sub-encoding to TS1/0 on input line 351.
Package textcomp Info: Setting cmvtt sub-encoding to TS1/0 on input line 352.
Package textcomp Info: Setting cmbr sub-encoding to TS1/0 on input line 353.
Package textcomp Info: Setting cmtl sub-encoding to TS1/0 on input line 354.
Package textcomp Info: Setting ccr sub-encoding to TS1/0 on input line 355.
Package textcomp Info: Setting ptm sub-encoding to TS1/4 on input line 356.
Package textcomp Info: Setting pcr sub-encoding to TS1/4 on input line 357.
Package textcomp Info: Setting phv sub-encoding to TS1/4 on input line 358.
Package textcomp Info: Setting ppl sub-encoding to TS1/3 on input line 359.
Package textcomp Info: Setting pag sub-encoding to TS1/4 on input line 360.
Package textcomp Info: Setting pbk sub-encoding to TS1/4 on input line 361.
Package textcomp Info: Setting pnc sub-encoding to TS1/4 on input line 362.
Package textcomp Info: Setting pzc sub-encoding to TS1/4 on input line 363.
Package textcomp Info: Setting bch sub-encoding to TS1/4 on input line 364.
Package textcomp Info: Setting put sub-encoding to TS1/5 on input line 365.
Package textcomp Info: Setting uag sub-encoding to TS1/5 on input line 366.
Package textcomp Info: Setting ugq sub-encoding to TS1/5 on input line 367.
Package textcomp Info: Setting ul8 sub-encoding to TS1/4 on input line 368.
Package textcomp Info: Setting ul9 sub-encoding to TS1/4 on input line 369.
Package textcomp Info: Setting augie sub-encoding to TS1/5 on input line 370.
Package textcomp Info: Setting dayrom sub-encoding to TS1/3 on input line 371.
Package textcomp Info: Setting dayroms sub-encoding to TS1/3 on input line 372.

Package textcomp Info: Setting pxr sub-encoding to TS1/0 on input line 373.
Package textcomp Info: Setting pxss sub-encoding to TS1/0 on input line 374.
Package textcomp Info: Setting pxtt sub-encoding to TS1/0 on input line 375.
Package textcomp Info: Setting txr sub-encoding to TS1/0 on input line 376.
Package textcomp Info: Setting txss sub-encoding to TS1/0 on input line 377.
Package textcomp Info: Setting txtt sub-encoding to TS1/0 on input line 378.
Package textcomp Info: Setting lmr sub-encoding to TS1/0 on input line 379.
Package textcomp Info: Setting lmdh sub-encoding to TS1/0 on input line 380.
Package textcomp Info: Setting lmss sub-encoding to TS1/0 on input line 381.
Package textcomp Info: Setting lmssq sub-encoding to TS1/0 on input line 382.
Package textcomp Info: Setting lmvtt sub-encoding to TS1/0 on input line 383.
Package textcomp Info: Setting lmtt sub-encoding to TS1/0 on input line 384.
Package textcomp Info: Setting qhv sub-encoding to TS1/0 on input line 385.
Package textcomp Info: Setting qag sub-encoding to TS1/0 on input line 386.
Package textcomp Info: Setting qbk sub-encoding to TS1/0 on input line 387.
Package textcomp Info: Setting qcr sub-encoding to TS1/0 on input line 388.
Package textcomp Info: Setting qcs sub-encoding to TS1/0 on input line 389.
Package textcomp Info: Setting qpl sub-encoding to TS1/0 on input line 390.
Package textcomp Info: Setting qtm sub-encoding to TS1/0 on input line 391.
Package textcomp Info: Setting qzc sub-encoding to TS1/0 on input line 392.
Package textcomp Info: Setting qhvc sub-encoding to TS1/0 on input line 393.
Package textcomp Info: Setting futs sub-encoding to TS1/4 on input line 394.
Package textcomp Info: Setting futx sub-encoding to TS1/4 on input line 395.
Package textcomp Info: Setting futj sub-encoding to TS1/4 on input line 396.
Package textcomp Info: Setting hlh sub-encoding to TS1/3 on input line 397.
Package textcomp Info: Setting hls sub-encoding to TS1/3 on input line 398.
Package textcomp Info: Setting hlst sub-encoding to TS1/3 on input line 399.
Package textcomp Info: Setting hlct sub-encoding to TS1/5 on input line 400.
Package textcomp Info: Setting hlx sub-encoding to TS1/5 on input line 401.
Package textcomp Info: Setting hlce sub-encoding to TS1/5 on input line 402.
Package textcomp Info: Setting hlcn sub-encoding to TS1/5 on input line 403.
Package textcomp Info: Setting hlcw sub-encoding to TS1/5 on input line 404.
Package textcomp Info: Setting hlcf sub-encoding to TS1/5 on input line 405.
Package textcomp Info: Setting pplx sub-encoding to TS1/3 on input line 406.
Package textcomp Info: Setting pplj sub-encoding to TS1/3 on input line 407.
Package textcomp Info: Setting ptmx sub-encoding to TS1/4 on input line 408.
Package textcomp Info: Setting ptmj sub-encoding to TS1/4 on input line 409.
)
(c:/Users/wimpo/AppData/Roaming/TinyTeX/texmf-dist/tex/latex/upquote/upquote.st
y
Package: upquote 2012/04/19 v1.3 upright-quote and grave-accent glyphs in verba
tim
) (c:/Users/wimpo/AppData/Roaming/TinyTeX/texmf-dist/tex/latex/xcolor/xcolor.st
y
Package: xcolor 2016/05/11 v2.12 LaTeX color extensions (UK)

(c:/Users/wimpo/AppData/Roaming/TinyTeX/texmf-dist/tex/latex/graphics-cfg/color
.cfg
File: color.cfg 2016/01/02 v1.6 sample color configuration
)
Package xcolor Info: Driver file: pdftex.def on input line 225.
Package xcolor Info: Model `cmy' substituted by `cmy0' on input line 1348.
Package xcolor Info: Model `hsb' substituted by `rgb' on input line 1352.
Package xcolor Info: Model `RGB' extended on input line 1364.
Package xcolor Info: Model `HTML' substituted by `rgb' on input line 1366.
Package xcolor Info: Model `Hsb' substituted by `hsb' on input line 1367.
Package xcolor Info: Model `tHsb' substituted by `hsb' on input line 1368.
Package xcolor Info: Model `HSB' substituted by `hsb' on input line 1369.
Package xcolor Info: Model `Gray' substituted by `gray' on input line 1370.
Package xcolor Info: Model `wave' substituted by `hsb' on input line 1371.
)
(c:/Users/wimpo/AppData/Roaming/TinyTeX/texmf-dist/tex/latex/hyperref/hyperref.
sty
Package: hyperref 2020/01/14 v7.00d Hypertext links for LaTeX

(c:/Users/wimpo/AppData/Roaming/TinyTeX/texmf-dist/tex/generic/ltxcmds/ltxcmds.
sty
Package: ltxcmds 2019/12/15 v1.24 LaTeX kernel commands for general use (HO)
)
(c:/Users/wimpo/AppData/Roaming/TinyTeX/texmf-dist/tex/latex/pdftexcmds/pdftexc
mds.sty
Package: pdftexcmds 2019/11/24 v0.31 Utility functions of pdfTeX for LuaTeX (HO
)

(c:/Users/wimpo/AppData/Roaming/TinyTeX/texmf-dist/tex/generic/infwarerr/infwar
err.sty
Package: infwarerr 2019/12/03 v1.5 Providing info/warning/error messages (HO)
)
Package pdftexcmds Info: \pdf@primitive is available.
Package pdftexcmds Info: \pdf@ifprimitive is available.
Package pdftexcmds Info: \pdfdraftmode found.
)
(c:/Users/wimpo/AppData/Roaming/TinyTeX/texmf-dist/tex/generic/kvsetkeys/kvsetk
eys.sty
Package: kvsetkeys 2019/12/15 v1.18 Key value parser (HO)
)
(c:/Users/wimpo/AppData/Roaming/TinyTeX/texmf-dist/tex/generic/kvdefinekeys/kvd
efinekeys.sty
Package: kvdefinekeys 2019-12-19 v1.6 Define keys (HO)
)
(c:/Users/wimpo/AppData/Roaming/TinyTeX/texmf-dist/tex/generic/pdfescape/pdfesc
ape.sty
Package: pdfescape 2019/12/09 v1.15 Implements pdfTeX's escape features (HO)
)
(c:/Users/wimpo/AppData/Roaming/TinyTeX/texmf-dist/tex/latex/hycolor/hycolor.st
y
Package: hycolor 2019/12/15 v1.9 Color options for hyperref/bookmark (HO)

(c:/Users/wimpo/AppData/Roaming/TinyTeX/texmf-dist/tex/latex/hycolor/xcolor-pat
ch.sty
Package: xcolor-patch 2019/12/15 xcolor patch

(c:/Users/wimpo/AppData/Roaming/TinyTeX/texmf-dist/tex/latex/oberdiek/hopatch.s
ty
Package: hopatch 2016/05/16 v1.3 Wrapper for package hooks (HO)
)))
(c:/Users/wimpo/AppData/Roaming/TinyTeX/texmf-dist/tex/latex/letltxmacro/letltx
macro.sty
Package: letltxmacro 2019/12/03 v1.6 Let assignment for LaTeX macros (HO)
)
(c:/Users/wimpo/AppData/Roaming/TinyTeX/texmf-dist/tex/latex/auxhook/auxhook.st
y
Package: auxhook 2019-12-17 v1.6 Hooks for auxiliary files (HO)
)
(c:/Users/wimpo/AppData/Roaming/TinyTeX/texmf-dist/tex/latex/kvoptions/kvoption
s.sty
Package: kvoptions 2019/11/29 v3.13 Key value format for package options (HO)
)
\@linkdim=\dimen142
\Hy@linkcounter=\count117
\Hy@pagecounter=\count118

(c:/Users/wimpo/AppData/Roaming/TinyTeX/texmf-dist/tex/latex/hyperref/pd1enc.de
f
File: pd1enc.def 2020/01/14 v7.00d Hyperref: PDFDocEncoding definition (HO)
Now handling font encoding PD1 ...
... no UTF-8 mapping file for font encoding PD1
)
(c:/Users/wimpo/AppData/Roaming/TinyTeX/texmf-dist/tex/generic/intcalc/intcalc.
sty
Package: intcalc 2019/12/15 v1.3 Expandable calculations with integers (HO)
)
(c:/Users/wimpo/AppData/Roaming/TinyTeX/texmf-dist/tex/generic/etexcmds/etexcmd
s.sty
Package: etexcmds 2019/12/15 v1.7 Avoid name clashes with e-TeX commands (HO)
)
\Hy@SavedSpaceFactor=\count119
\pdfmajorversion=\count120
Package hyperref Info: Option `unicode' set `true' on input line 4421.

(c:/Users/wimpo/AppData/Roaming/TinyTeX/texmf-dist/tex/latex/hyperref/puenc.def
File: puenc.def 2020/01/14 v7.00d Hyperref: PDF Unicode definition (HO)
Now handling font encoding PU ...
... no UTF-8 mapping file for font encoding PU
)
Package hyperref Info: Hyper figures OFF on input line 4547.
Package hyperref Info: Link nesting OFF on input line 4552.
Package hyperref Info: Hyper index ON on input line 4555.
Package hyperref Info: Plain pages OFF on input line 4562.
Package hyperref Info: Backreferencing OFF on input line 4567.
Package hyperref Info: Implicit mode ON; LaTeX internals redefined.
Package hyperref Info: Bookmarks ON on input line 4800.
\c@Hy@tempcnt=\count121
(c:/Users/wimpo/AppData/Roaming/TinyTeX/texmf-dist/tex/latex/url/url.sty
\Urlmuskip=\muskip11
Package: url 2013/09/16  ver 3.4  Verb mode for urls, etc.
)
LaTeX Info: Redefining \url on input line 5159.
\XeTeXLinkMargin=\dimen143

(c:/Users/wimpo/AppData/Roaming/TinyTeX/texmf-dist/tex/generic/bitset/bitset.st
y
Package: bitset 2019/12/09 v1.3 Handle bit-vector datatype (HO)

(c:/Users/wimpo/AppData/Roaming/TinyTeX/texmf-dist/tex/generic/bigintcalc/bigin
tcalc.sty
Package: bigintcalc 2019/12/15 v1.5 Expandable calculations on big integers (HO
)
))
\Fld@menulength=\count122
\Field@Width=\dimen144
\Fld@charsize=\dimen145
Package hyperref Info: Hyper figures OFF on input line 6430.
Package hyperref Info: Link nesting OFF on input line 6435.
Package hyperref Info: Hyper index ON on input line 6438.
Package hyperref Info: backreferencing OFF on input line 6445.
Package hyperref Info: Link coloring OFF on input line 6450.
Package hyperref Info: Link coloring with OCG OFF on input line 6455.
Package hyperref Info: PDF/A mode OFF on input line 6460.
LaTeX Info: Redefining \ref on input line 6500.
LaTeX Info: Redefining \pageref on input line 6504.

(c:/Users/wimpo/AppData/Roaming/TinyTeX/texmf-dist/tex/generic/atbegshi/atbegsh
i.sty
Package: atbegshi 2019/12/05 v1.19 At begin shipout hook (HO)
)
\Hy@abspage=\count123
\c@Item=\count124
\c@Hfootnote=\count125
)
Package hyperref Info: Driver (autodetected): hpdftex.

(c:/Users/wimpo/AppData/Roaming/TinyTeX/texmf-dist/tex/latex/hyperref/hpdftex.d
ef
File: hpdftex.def 2020/01/14 v7.00d Hyperref driver for pdfTeX

(c:/Users/wimpo/AppData/Roaming/TinyTeX/texmf-dist/tex/latex/atveryend/atveryen
d.sty
Package: atveryend 2019-12-11 v1.11 Hooks at the very end of document (HO)
)
\Fld@listcount=\count126
\c@bookmark@seq@number=\count127

(c:/Users/wimpo/AppData/Roaming/TinyTeX/texmf-dist/tex/latex/rerunfilecheck/rer
unfilecheck.sty
Package: rerunfilecheck 2019/12/05 v1.9 Rerun checks for auxiliary files (HO)

(c:/Users/wimpo/AppData/Roaming/TinyTeX/texmf-dist/tex/generic/uniquecounter/un
iquecounter.sty
Package: uniquecounter 2019/12/15 v1.4 Provide unlimited unique counter (HO)
)
Package uniquecounter Info: New unique counter `rerunfilecheck' on input line 2
86.
)
\Hy@SectionHShift=\skip68
)
(c:/Users/wimpo/AppData/Roaming/TinyTeX/texmf-dist/tex/latex/csquotes/csquotes.
sty
Package: csquotes 2019-12-06 v5.2j context-sensitive quotations (JAW)
\csq@reset=\count128
\csq@gtype=\count129
\csq@glevel=\count130
\csq@qlevel=\count131
\csq@maxlvl=\count132
\csq@tshold=\count133
\csq@ltx@everypar=\toks26

(c:/Users/wimpo/AppData/Roaming/TinyTeX/texmf-dist/tex/latex/csquotes/csquotes.
def
File: csquotes.def 2019-12-06 v5.2j csquotes generic definitions (JAW)
)
Package csquotes Info: Trying to load configuration file 'csquotes.cfg'...
Package csquotes Info: ... configuration file loaded successfully.

(c:/Users/wimpo/AppData/Roaming/TinyTeX/texmf-dist/tex/latex/csquotes/csquotes.
cfg
File: csquotes.cfg 
)) (c:/Users/wimpo/AppData/Roaming/TinyTeX/texmf-dist/tex/latex/was/upgreek.sty
Package: upgreek 2003/02/12 v2.0 (WaS)
Package upgreek Info: Using Euler Roman for upright Greek on input line 31.
\symugrf@m=\mathgroup9
LaTeX Font Info:    Overwriting symbol font `ugrf@m' in version `bold'
(Font)                  U/eur/m/n --> U/eur/b/n on input line 38.
)
(c:/Users/wimpo/AppData/Roaming/TinyTeX/texmf-dist/tex/latex/tools/longtable.st
y
Package: longtable 2019/02/06 v4.12 Multi-page Table package (DPC)
\LTleft=\skip69
\LTright=\skip70
\LTpre=\skip71
\LTpost=\skip72
\LTchunksize=\count134
\LTcapwidth=\dimen146
\LT@head=\box33
\LT@firsthead=\box34
\LT@foot=\box35
\LT@lastfoot=\box36
\LT@cols=\count135
\LT@rows=\count136
\c@LT@tables=\count137
\c@LT@chunks=\count138
\LT@p@ftn=\toks27
)
(c:/Users/wimpo/AppData/Roaming/TinyTeX/texmf-dist/tex/latex/graphics/lscape.st
y
Package: lscape 2000/10/22 v3.01 Landscape Pages (DPC)
)
(c:/Users/wimpo/AppData/Roaming/TinyTeX/texmf-dist/tex/latex/multirow/multirow.
sty
Package: multirow 2019/05/31 v2.5 Span multiple rows of a table
\multirow@colwidth=\skip73
\multirow@cntb=\count139
\multirow@dima=\skip74
\bigstrutjot=\dimen147
)
(c:/Users/wimpo/AppData/Roaming/TinyTeX/texmf-dist/tex/latex/tools/tabularx.sty
Package: tabularx 2016/02/03 v2.11b `tabularx' package (DPC)
(c:/Users/wimpo/AppData/Roaming/TinyTeX/texmf-dist/tex/latex/tools/array.sty
Package: array 2019/08/31 v2.4l Tabular extension package (FMi)
\col@sep=\dimen148
\ar@mcellbox=\box37
\extrarowheight=\dimen149
\NC@list=\toks28
\extratabsurround=\skip75
\backup@length=\skip76
\ar@cellbox=\box38
)
\TX@col@width=\dimen150
\TX@old@table=\dimen151
\TX@old@col=\dimen152
\TX@target=\dimen153
\TX@delta=\dimen154
\TX@cols=\count140
\TX@ftn=\toks29
)
(c:/Users/wimpo/AppData/Roaming/TinyTeX/texmf-dist/tex/latex/threeparttablex/th
reeparttablex.sty
Package: threeparttablex 2013/07/23 v0.3 by daleif

(c:/Users/wimpo/AppData/Roaming/TinyTeX/texmf-dist/tex/latex/environ/environ.st
y
Package: environ 2014/05/04 v0.3 A new way to define environments

(c:/Users/wimpo/AppData/Roaming/TinyTeX/texmf-dist/tex/latex/trimspaces/trimspa
ces.sty
Package: trimspaces 2009/09/17 v1.1 Trim spaces around a token list
))
\TPTL@width=\skip77
)
\longtablewidth=\skip78
(c:/Users/wimpo/AppData/Roaming/TinyTeX/texmf-dist/tex/latex/lineno/lineno.sty
Package: lineno 2005/11/02 line numbers on paragraphs v4.41
\linenopenalty=\count141
\output=\toks30
\linenoprevgraf=\count142
\linenumbersep=\dimen155
\linenumberwidth=\dimen156
\c@linenumber=\count143
\c@pagewiselinenumber=\count144
\c@LN@truepage=\count145
\c@internallinenumber=\count146
\c@internallinenumbers=\count147
\quotelinenumbersep=\dimen157
\bframerule=\dimen158
\bframesep=\dimen159
\bframebox=\box39

LaTeX Warning: Command \@parboxrestore  has changed.
               Check if current package is valid.

LaTeX Info: Redefining \\ on input line 3056.
)
\cslhangindent=\skip79
Package csquotes Info: Checking for multilingual support...
Package csquotes Info: ... none found.
(./GS_physics_in_fluid_speech.aux)
\openout1 = `GS_physics_in_fluid_speech.aux'.

LaTeX Font Info:    Checking defaults for OML/cmm/m/it on input line 112.
LaTeX Font Info:    ... okay on input line 112.
LaTeX Font Info:    Checking defaults for T1/cmr/m/n on input line 112.
LaTeX Font Info:    ... okay on input line 112.
LaTeX Font Info:    Checking defaults for OT1/cmr/m/n on input line 112.
LaTeX Font Info:    ... okay on input line 112.
LaTeX Font Info:    Checking defaults for OMS/cmsy/m/n on input line 112.
LaTeX Font Info:    ... okay on input line 112.
LaTeX Font Info:    Checking defaults for OMX/cmex/m/n on input line 112.
LaTeX Font Info:    ... okay on input line 112.
LaTeX Font Info:    Checking defaults for U/cmr/m/n on input line 112.
LaTeX Font Info:    ... okay on input line 112.
LaTeX Font Info:    Checking defaults for TS1/cmr/m/n on input line 112.
LaTeX Font Info:    Trying to load font information for TS1+cmr on input line 1
12.
(c:/Users/wimpo/AppData/Roaming/TinyTeX/texmf-dist/tex/latex/base/ts1cmr.fd
File: ts1cmr.fd 2014/09/29 v2.5h Standard LaTeX font definitions
)
LaTeX Font Info:    ... okay on input line 112.
LaTeX Font Info:    Checking defaults for PD1/pdf/m/n on input line 112.
LaTeX Font Info:    ... okay on input line 112.
LaTeX Font Info:    Checking defaults for PU/pdf/m/n on input line 112.
LaTeX Font Info:    ... okay on input line 112.
LaTeX Font Info:    Trying to load font information for T1+lmr on input line 11
2.
(c:/Users/wimpo/AppData/Roaming/TinyTeX/texmf-dist/tex/latex/lm/t1lmr.fd
File: t1lmr.fd 2009/10/30 v1.6 Font defs for Latin Modern
)
*geometry* driver: auto-detecting
*geometry* detected driver: pdftex
*geometry* verbose mode - [ preamble ] result:
* driver: pdftex
* paper: <default>
* layout: <same size as paper>
* layoutoffset:(h,v)=(0.0pt,0.0pt)
* modes: twoside 
* h-part:(L,W,R)=(72.26999pt, 469.75502pt, 72.26999pt)
* v-part:(T,H,B)=(72.26999pt, 650.43001pt, 72.26999pt)
* \paperwidth=614.295pt
* \paperheight=794.96999pt
* \textwidth=469.75502pt
* \textheight=650.43001pt
* \oddsidemargin=0.0pt
* \evensidemargin=0.0pt
* \topmargin=-37.0pt
* \headheight=15.2pt
* \headsep=25.0pt
* \topskip=12.0pt
* \footskip=30.0pt
* \marginparwidth=95.0pt
* \marginparsep=10.0pt
* \columnsep=10.0pt
* \skip\footins=10.8pt plus 4.0pt minus 2.0pt
* \hoffset=0.0pt
* \voffset=0.0pt
* \mag=1000
* \@twocolumnfalse
* \@twosidetrue
* \@mparswitchtrue
* \@reversemarginfalse
* (1in=72.27pt=25.4mm, 1cm=28.453pt)


(c:/Users/wimpo/AppData/Roaming/TinyTeX/texmf-dist/tex/latex/epstopdf-pkg/epsto
pdf-base.sty
Package: epstopdf-base 2020-01-24 v2.11 Base part for package epstopdf
Package epstopdf-base Info: Redefining graphics rule for `.eps' on input line 4
85.

(c:/Users/wimpo/AppData/Roaming/TinyTeX/texmf-dist/tex/latex/latexconfig/epstop
df-sys.cfg
File: epstopdf-sys.cfg 2010/07/13 v1.3 Configuration of (r)epstopdf for TeX Liv
e
))
(c:/Users/wimpo/AppData/Roaming/TinyTeX/texmf-dist/tex/latex/apa6/config/APAame
rican.txt
File: APAamerican.txt 2012/02/23 v1.25 apa6 configuration for American English
)
Package caption Info: Begin \AtBeginDocument code.
Package caption Info: float package is loaded.
Package caption Info: hyperref package is loaded.
Package caption Info: longtable package is loaded.

(c:/Users/wimpo/AppData/Roaming/TinyTeX/texmf-dist/tex/latex/caption/ltcaption.
sty
Package: ltcaption 2018/08/26 v1.4a longtable captions (AR)
)
Package caption Info: End \AtBeginDocument code.
\AtBeginShipoutBox=\box40
Package hyperref Info: Link coloring OFF on input line 112.

(c:/Users/wimpo/AppData/Roaming/TinyTeX/texmf-dist/tex/latex/hyperref/nameref.s
ty
Package: nameref 2019/09/16 v2.46 Cross-referencing by name of section

(c:/Users/wimpo/AppData/Roaming/TinyTeX/texmf-dist/tex/latex/refcount/refcount.
sty
Package: refcount 2019/12/15 v3.6 Data extraction from label references (HO)
)
(c:/Users/wimpo/AppData/Roaming/TinyTeX/texmf-dist/tex/generic/gettitlestring/g
ettitlestring.sty
Package: gettitlestring 2019/12/15 v1.6 Cleanup title references (HO)
)
\c@section@level=\count148
)
LaTeX Info: Redefining \ref on input line 112.
LaTeX Info: Redefining \pageref on input line 112.
LaTeX Info: Redefining \nameref on input line 112.
(./GS_physics_in_fluid_speech.out) (./GS_physics_in_fluid_speech.out)
\@outlinefile=\write5
\openout5 = `GS_physics_in_fluid_speech.out'.

LaTeX Font Info:    Trying to load font information for T1+lmss on input line 1
14.
(c:/Users/wimpo/AppData/Roaming/TinyTeX/texmf-dist/tex/latex/lm/t1lmss.fd
File: t1lmss.fd 2009/10/30 v1.6 Font defs for Latin Modern
)
LaTeX Font Info:    Trying to load font information for OT1+lmr on input line 1
14.
(c:/Users/wimpo/AppData/Roaming/TinyTeX/texmf-dist/tex/latex/lm/ot1lmr.fd
File: ot1lmr.fd 2009/10/30 v1.6 Font defs for Latin Modern
)
LaTeX Font Info:    Trying to load font information for OML+lmm on input line 1
14.
(c:/Users/wimpo/AppData/Roaming/TinyTeX/texmf-dist/tex/latex/lm/omllmm.fd
File: omllmm.fd 2009/10/30 v1.6 Font defs for Latin Modern
)
LaTeX Font Info:    Trying to load font information for OMS+lmsy on input line 
114.
(c:/Users/wimpo/AppData/Roaming/TinyTeX/texmf-dist/tex/latex/lm/omslmsy.fd
File: omslmsy.fd 2009/10/30 v1.6 Font defs for Latin Modern
)
LaTeX Font Info:    Trying to load font information for OMX+lmex on input line 
114.
(c:/Users/wimpo/AppData/Roaming/TinyTeX/texmf-dist/tex/latex/lm/omxlmex.fd
File: omxlmex.fd 2009/10/30 v1.6 Font defs for Latin Modern
)
LaTeX Font Info:    External font `lmex10' loaded for size
(Font)              <12> on input line 114.
LaTeX Font Info:    External font `lmex10' loaded for size
(Font)              <8> on input line 114.
LaTeX Font Info:    External font `lmex10' loaded for size
(Font)              <6> on input line 114.
LaTeX Font Info:    Trying to load font information for U+msa on input line 114
.
(c:/Users/wimpo/AppData/Roaming/TinyTeX/texmf-dist/tex/latex/amsfonts/umsa.fd
File: umsa.fd 2013/01/14 v3.01 AMS symbols A
)
LaTeX Font Info:    Trying to load font information for U+msb on input line 114
.
(c:/Users/wimpo/AppData/Roaming/TinyTeX/texmf-dist/tex/latex/amsfonts/umsb.fd
File: umsb.fd 2013/01/14 v3.01 AMS symbols B
) [1{c:/Users/wimpo/AppData/Roaming/TinyTeX/texmf-var/fonts/map/pdftex/updmap/p
dftex.map}

] [2] [3]
Underfull \vbox (badness 10000) has occurred while \output is active []

[4] [5]
Underfull \vbox (badness 10000) has occurred while \output is active []

[6]
Underfull \vbox (badness 10000) has occurred while \output is active []

[7] [8]
Underfull \vbox (badness 10000) has occurred while \output is active []

[9] [10] [11]
<GS_physics_in_fluid_speech_files/figure-latex/method_stance_pic-1.pdf, id=164,
 469.755pt x 289.08pt>
File: GS_physics_in_fluid_speech_files/figure-latex/method_stance_pic-1.pdf Gra
phic file (type pdf)
<use GS_physics_in_fluid_speech_files/figure-latex/method_stance_pic-1.pdf>
Package pdftex.def Info: GS_physics_in_fluid_speech_files/figure-latex/method_s
tance_pic-1.pdf  used on input line 182.
(pdftex.def)             Requested size: 469.75386pt x 289.07928pt.

Underfull \vbox (badness 10000) has occurred while \output is active []

[12 <./GS_physics_in_fluid_speech_files/figure-latex/method_stance_pic-1.pdf>] 
[13]
Underfull \vbox (badness 2189) has occurred while \output is active []

[14]
<GS_physics_in_fluid_speech_files/figure-latex/plot_example_time_series-1.pdf, 
id=191, 469.755pt x 361.35pt>
File: GS_physics_in_fluid_speech_files/figure-latex/plot_example_time_series-1.
pdf Graphic file (type pdf)
<use GS_physics_in_fluid_speech_files/figure-latex/plot_example_time_series-1.p
df>
Package pdftex.def Info: GS_physics_in_fluid_speech_files/figure-latex/plot_exa
mple_time_series-1.pdf  used on input line 221.
(pdftex.def)             Requested size: 469.75386pt x 361.34912pt.

Underfull \vbox (badness 10000) has occurred while \output is active []

[15 <./GS_physics_in_fluid_speech_files/figure-latex/plot_example_time_series-1
.pdf>]
<GS_physics_in_fluid_speech_files/figure-latex/manipulation_check-1.pdf, id=201
, 361.35pt x 325.215pt>
File: GS_physics_in_fluid_speech_files/figure-latex/manipulation_check-1.pdf Gr
aphic file (type pdf)
<use GS_physics_in_fluid_speech_files/figure-latex/manipulation_check-1.pdf>
Package pdftex.def Info: GS_physics_in_fluid_speech_files/figure-latex/manipula
tion_check-1.pdf  used on input line 227.
(pdftex.def)             Requested size: 361.34912pt x 325.2142pt.

Underfull \vbox (badness 2865) has occurred while \output is active []

[16 <./GS_physics_in_fluid_speech_files/figure-latex/manipulation_check-1.pdf>]
[17]
<GS_physics_in_fluid_speech_files/figure-latex/plot_avF0_avENV-1.pdf, id=218, 3
61.35pt x 325.215pt>
File: GS_physics_in_fluid_speech_files/figure-latex/plot_avF0_avENV-1.pdf Graph
ic file (type pdf)
<use GS_physics_in_fluid_speech_files/figure-latex/plot_avF0_avENV-1.pdf>
Package pdftex.def Info: GS_physics_in_fluid_speech_files/figure-latex/plot_avF
0_avENV-1.pdf  used on input line 247.
(pdftex.def)             Requested size: 361.34912pt x 325.2142pt.

Underfull \vbox (badness 10000) has occurred while \output is active []

[18 <./GS_physics_in_fluid_speech_files/figure-latex/plot_avF0_avENV-1.pdf>] [1
9]
Underfull \vbox (badness 10000) has occurred while \output is active []

[20]
<GS_physics_in_fluid_speech_files/figure-latex/movementplot_avF0_avENV-1.pdf, i
d=245, 469.755pt x 578.16pt>
File: GS_physics_in_fluid_speech_files/figure-latex/movementplot_avF0_avENV-1.p
df Graphic file (type pdf)
<use GS_physics_in_fluid_speech_files/figure-latex/movementplot_avF0_avENV-1.pd
f>
Package pdftex.def Info: GS_physics_in_fluid_speech_files/figure-latex/movement
plot_avF0_avENV-1.pdf  used on input line 280.
(pdftex.def)             Requested size: 469.75386pt x 578.15858pt.

Overfull \hbox (28.90639pt too wide) in paragraph at lines 280--281
[][]  
 []

[21 <./GS_physics_in_fluid_speech_files/figure-latex/movementplot_avF0_avENV-1.
pdf>]
<GS_physics_in_fluid_speech_files/figure-latex/table_anddiff-1.pdf, id=259, 469
.755pt x 325.215pt>
File: GS_physics_in_fluid_speech_files/figure-latex/table_anddiff-1.pdf Graphic
 file (type pdf)
<use GS_physics_in_fluid_speech_files/figure-latex/table_anddiff-1.pdf>
Package pdftex.def Info: GS_physics_in_fluid_speech_files/figure-latex/table_an
ddiff-1.pdf  used on input line 285.
(pdftex.def)             Requested size: 469.75386pt x 325.2142pt.

Underfull \vbox (badness 10000) has occurred while \output is active []

[22 <./GS_physics_in_fluid_speech_files/figure-latex/table_anddiff-1.pdf>] [23]
<GS_physics_in_fluid_speech_files/figure-latex/impact analysis-1.pdf, id=279, 4
69.755pt x 325.215pt>
File: GS_physics_in_fluid_speech_files/figure-latex/impact analysis-1.pdf Graph
ic file (type pdf)
<use GS_physics_in_fluid_speech_files/figure-latex/impact analysis-1.pdf>
Package pdftex.def Info: GS_physics_in_fluid_speech_files/figure-latex/impact a
nalysis-1.pdf  used on input line 314.
(pdftex.def)             Requested size: 469.75386pt x 325.2142pt.
[24 <./GS_physics_in_fluid_speech_files/figure-latex/impact analysis-1.pdf>]
Underfull \vbox (badness 10000) has occurred while \output is active []

[25] [26] [27] [28] [29] [30] [31] [32] [33] [34]pdfTeX warning (ext4): destina
tion with the same identifier (name{ref-cooperriderForegroundGestureBackground2
019}) has been already used, duplicate ignored
<to be read again> 
                   \relax 
l.544 ...erriderForegroundGestureBackground2019}{}
                                                  %pdfTeX warning (ext4): desti
nation with the same identifier (name{ref-corballisHandMouthOrigins2002}) has b
een already used, duplicate ignored
<to be read again> 
                   \relax 
l.547 ...rget{ref-corballisHandMouthOrigins2002}{}
                                                  %pdfTeX warning (ext4): desti
nation with the same identifier (name{ref-cordoPropertiesPosturalAdjustments198
2}) has been already used, duplicate ignored
<to be read again> 
                   \relax 
l.550 ...cordoPropertiesPosturalAdjustments1982}{}
                                                  %pdfTeX warning (ext4): desti
nation with the same identifier (name{ref-cravottaEffectsEncouragingUse2019}) h
as been already used, duplicate ignored
<to be read again> 
                   \relax 
l.553 ...{ref-cravottaEffectsEncouragingUse2019}{}
                                                  %pdfTeX warning (ext4): desti
nation with the same identifier (name{ref-dannerQuantitativeAnalysisMultimodal2
018}) has been already used, duplicate ignored
<to be read again> 
                   \relax 
l.556 ...nnerQuantitativeAnalysisMultimodal2018}{}
                                                  %pdfTeX warning (ext4): desti
nation with the same identifier (name{ref-ejiriRelationshipRhythmicBehavior1998
}) has been already used, duplicate ignored
<to be read again> 
                   \relax 
l.559 ...-ejiriRelationshipRhythmicBehavior1998}{}
                                                  %pdfTeX warning (ext4): desti
nation with the same identifier (name{ref-ejiriCooccurencesPreverbalVocal2001})
 has been already used, duplicate ignored
<to be read again> 
                   \relax 
l.562 ...ef-ejiriCooccurencesPreverbalVocal2001}{}
                                                  % [35]pdfTeX warning (ext4): 
destination with the same identifier (name{ref-esteve-gibertProsodicStructureSh
apes2013}) has been already used, duplicate ignored
<to be read again> 
                   \relax 
l.565 ...teve-gibertProsodicStructureShapes2013}{}
                                                  %pdfTeX warning (ext4): desti
nation with the same identifier (name{ref-feyereisenCognitivePsychologySpeechRe
lated2017}) has been already used, duplicate ignored
<to be read again> 
                   \relax 
l.568 ...enCognitivePsychologySpeechRelated2017}{}
                                                  %pdfTeX warning (ext4): desti
nation with the same identifier (name{ref-frohlichMultimodalCommunicationLangua
ge2019}) has been already used, duplicate ignored
<to be read again> 
                   \relax 
l.571 ...ichMultimodalCommunicationLanguage2019}{}
                                                  %pdfTeX warning (ext4): desti
nation with the same identifier (name{ref-gardenforsDemonstrationPantomimeEvolu
tion2017}) has been already used, duplicate ignored
<to be read again> 
                   \relax 
l.574 ...orsDemonstrationPantomimeEvolution2017}{}
                                                  %pdfTeX warning (ext4): desti
nation with the same identifier (name{ref-ghazanfarMultisensoryVocalCommunicati
on2013}) has been already used, duplicate ignored
<to be read again> 
                   \relax 
l.577 ...nfarMultisensoryVocalCommunication2013}{}
                                                  %pdfTeX warning (ext4): desti
nation with the same identifier (name{ref-ghazanfarVocaltractResonancesIndexica
l2007}) has been already used, duplicate ignored
<to be read again> 
                   \relax 
l.580 ...anfarVocaltractResonancesIndexical2007}{}
                                                  %pdfTeX warning (ext4): desti
nation with the same identifier (name{ref-ginosarLearningIndividualStyles2019})
 has been already used, duplicate ignored
<to be read again> 
                   \relax 
l.583 ...ef-ginosarLearningIndividualStyles2019}{}
                                                  %pdfTeX warning (ext4): desti
nation with the same identifier (name{ref-hardusToolUseWild2009}) has been alre
ady used, duplicate ignored
<to be read again> 
                   \relax 
l.586 ...\hypertarget{ref-hardusToolUseWild2009}{}
                                                  % [36]pdfTeX warning (ext4): 
destination with the same identifier (name{ref-hastieGamGeneralizedAdditive2019
}) has been already used, duplicate ignored
<to be read again> 
                   \relax 
l.589 ...t{ref-hastieGamGeneralizedAdditive2019}{}
                                                  %pdfTeX warning (ext4): desti
nation with the same identifier (name{ref-heAmplitudeEnvelopeKinematics2017a}) 
has been already used, duplicate ignored
<to be read again> 
                   \relax 
l.592 ...ref-heAmplitudeEnvelopeKinematics2017a}{}
                                                  %pdfTeX warning (ext4): desti
nation with the same identifier (name{ref-hollerMultimodalLanguageProcessing201
9}) has been already used, duplicate ignored
<to be read again> 
                   \relax 
l.595 ...hollerMultimodalLanguageProcessing2019}{}
                                                  %pdfTeX warning (ext4): desti
nation with the same identifier (name{ref-iversonHandMouthBrain2005}) has been 
already used, duplicate ignored
<to be read again> 
                   \relax 
l.598 ...ertarget{ref-iversonHandMouthBrain2005}{}
                                                  %pdfTeX warning (ext4): desti
nation with the same identifier (name{ref-kelsoConvergingEvidenceSupport1984}) 
has been already used, duplicate ignored
<to be read again> 
                   \relax 
l.601 ...ref-kelsoConvergingEvidenceSupport1984}{}
                                                  %pdfTeX warning (ext4): desti
nation with the same identifier (name{ref-kendonReflectionsGesturefirstHypothes
is2017}) has been already used, duplicate ignored
<to be read again> 
                   \relax 
l.604 ...nReflectionsGesturefirstHypothesis2017}{}
                                                  %pdfTeX warning (ext4): desti
nation with the same identifier (name{ref-kitaPointingWhereLanguage2003}) has b
een already used, duplicate ignored
<to be read again> 
                   \relax 
l.607 ...rget{ref-kitaPointingWhereLanguage2003}{}
                                                  %pdfTeX warning (ext4): desti
nation with the same identifier (name{ref-krahmerEffectsVisualBeats2007}) has b
een already used, duplicate ignored
<to be read again> 
                   \relax 
l.610 ...rget{ref-krahmerEffectsVisualBeats2007}{}
                                                  %pdfTeX warning (ext4): desti
nation with the same identifier (name{ref-krivokapicGesturalCoordinationProsodi
c2014}) has been already used, duplicate ignored
<to be read again> 
                   \relax 
l.613 ...okapicGesturalCoordinationProsodic2014}{}
                                                  % [37]pdfTeX warning (ext4): 
destination with the same identifier (name{ref-krivokapicKinematicStudyProsodic
2017}) has been already used, duplicate ignored
<to be read again> 
                   \relax 
l.616 ...f-krivokapicKinematicStudyProsodic2017}{}
                                                  %pdfTeX warning (ext4): desti
nation with the same identifier (name{ref-kucherenkoAnalyzingInputOutput2019}) 
has been already used, duplicate ignored
<to be read again> 
                   \relax 
l.619 ...ref-kucherenkoAnalyzingInputOutput2019}{}
                                                  %pdfTeX warning (ext4): desti
nation with the same identifier (name{ref-lancasterRespiratoryMuscleActivity199
5}) has been already used, duplicate ignored
<to be read again> 
                   \relax 
l.622 ...lancasterRespiratoryMuscleActivity1995}{}
                                                  %pdfTeX warning (ext4): desti
nation with the same identifier (name{ref-larssonBipedalStepsDevelopment2019}) 
has been already used, duplicate ignored
<to be read again> 
                   \relax 
l.625 ...ref-larssonBipedalStepsDevelopment2019}{}
                                                  %pdfTeX warning (ext4): desti
nation with the same identifier (name{ref-leonardTemporalRelationBeat2011}) has
 been already used, duplicate ignored
<to be read again> 
                   \relax 
l.628 ...et{ref-leonardTemporalRelationBeat2011}{}
                                                  %pdfTeX warning (ext4): desti
nation with the same identifier (name{ref-levinsonOriginHumanMultimodal2014}) h
as been already used, duplicate ignored
<to be read again> 
                   \relax 
l.631 ...{ref-levinsonOriginHumanMultimodal2014}{}
                                                  %pdfTeX warning (ext4): desti
nation with the same identifier (name{ref-loehrTemporalStructuralPragmatic2012}
) has been already used, duplicate ignored
<to be read again> 
                   \relax 
l.634 ...f-loehrTemporalStructuralPragmatic2012}{}
                                                  %pdfTeX warning (ext4): desti
nation with the same identifier (name{ref-mcclavePitchManualGestures1998}) has 
been already used, duplicate ignored
<to be read again> 
                   \relax 
l.637 ...get{ref-mcclavePitchManualGestures1998}{}
                                                  % [38]pdfTeX warning (ext4): 
destination with the same identifier (name{ref-mendoza-dentonSemioticLayeringGe
sture2011}) has been already used, duplicate ignored
<to be read again> 
                   \relax 
l.640 ...doza-dentonSemioticLayeringGesture2011}{}
                                                  %pdfTeX warning (ext4): desti
nation with the same identifier (name{ref-parrellSpatiotemporalCouplingSpeech20
14}) has been already used, duplicate ignored
<to be read again> 
                   \relax 
l.643 ...arrellSpatiotemporalCouplingSpeech2014}{}
                                                  %pdfTeX warning (ext4): desti
nation with the same identifier (name{ref-perrierMotorEquivalenceSpeech2015}) h
as been already used, duplicate ignored
<to be read again> 
                   \relax 
l.646 ...{ref-perrierMotorEquivalenceSpeech2015}{}
                                                  %pdfTeX warning (ext4): desti
nation with the same identifier (name{ref-pinheiroNlmeLinearNonlinear2019}) has
 been already used, duplicate ignored
<to be read again> 
                   \relax 
l.649 ...et{ref-pinheiroNlmeLinearNonlinear2019}{}
                                                  %pdfTeX warning (ext4): desti
nation with the same identifier (name{ref-pisanskiVoiceModulationWindow2016}) h
as been already used, duplicate ignored
<to be read again> 
                   \relax 
l.652 ...{ref-pisanskiVoiceModulationWindow2016}{}
                                                  %pdfTeX warning (ext4): desti
nation with the same identifier (name{ref-pisanskiReturnOzVoice2014}) has been 
already used, duplicate ignored
<to be read again> 
                   \relax 
l.655 ...ertarget{ref-pisanskiReturnOzVoice2014}{}
                                                  %pdfTeX warning (ext4): desti
nation with the same identifier (name{ref-pisanskiCanBlindPersons2016}) has bee
n already used, duplicate ignored
<to be read again> 
                   \relax 
l.658 ...target{ref-pisanskiCanBlindPersons2016}{}
                                                  %pdfTeX warning (ext4): desti
nation with the same identifier (name{ref-pouwEntrainmentModulationGesture2019}
) has been already used, duplicate ignored
<to be read again> 
                   \relax 
l.661 ...f-pouwEntrainmentModulationGesture2019}{}
                                                  % [39]pdfTeX warning (ext4): 
destination with the same identifier (name{ref-pouwQuantifyingGesturespeechSync
hrony2019}) has been already used, duplicate ignored
<to be read again> 
                   \relax 
l.664 ...wQuantifyingGesturespeechSynchrony2019}{}
                                                  %pdfTeX warning (ext4): desti
nation with the same identifier (name{ref-pouwEnergyFlowsGesturespeech2019a}) h
as been already used, duplicate ignored
<to be read again> 
                   \relax 
l.667 ...{ref-pouwEnergyFlowsGesturespeech2019a}{}
                                                  %pdfTeX warning (ext4): desti
nation with the same identifier (name{ref-pouwGesturespeechPhysicsBiomechanical
2019}) has been already used, duplicate ignored
<to be read again> 
                   \relax 
l.670 ...wGesturespeechPhysicsBiomechanical2019}{}
                                                  %pdfTeX warning (ext4): desti
nation with the same identifier (name{ref-pouwAcousticSpecificationUpper2019}) 
has been already used, duplicate ignored
<to be read again> 
                   \relax 
l.673 ...ref-pouwAcousticSpecificationUpper2019}{}
                                                  %pdfTeX warning (ext4): desti
nation with the same identifier (name{ref-pouwSocialResonanceAcoustic2019}) has
 been already used, duplicate ignored
<to be read again> 
                   \relax 
l.676 ...et{ref-pouwSocialResonanceAcoustic2019}{}
                                                  %pdfTeX warning (ext4): desti
nation with the same identifier (name{ref-pouwMaterialsTutorialGespin20192019})
 has been already used, duplicate ignored
<to be read again> 
                   \relax 
l.679 ...ef-pouwMaterialsTutorialGespin20192019}{}
                                                  %pdfTeX warning (ext4): desti
nation with the same identifier (name{ref-prieurOriginsGesturesLanguage2019}) h
as been already used, duplicate ignored
<to be read again> 
                   \relax 
l.682 ...{ref-prieurOriginsGesturesLanguage2019}{}
                                                  %pdfTeX warning (ext4): desti
nation with the same identifier (name{ref-ravignaniRhythmSpeechAnimal2019}) has
 been already used, duplicate ignored
<to be read again> 
                   \relax 
l.685 ...et{ref-ravignaniRhythmSpeechAnimal2019}{}
                                                  % [40]pdfTeX warning (ext4): 
destination with the same identifier (name{ref-rochet-capellanSpeechFocusPositi
on2008}) has been already used, duplicate ignored
<to be read again> 
                   \relax 
l.688 ...rochet-capellanSpeechFocusPosition2008}{}
                                                  %pdfTeX warning (ext4): desti
nation with the same identifier (name{ref-roschWaveletCompGuidedTour2014}) has 
been already used, duplicate ignored
<to be read again> 
                   \relax 
l.691 ...get{ref-roschWaveletCompGuidedTour2014}{}
                                                  %pdfTeX warning (ext4): desti
nation with the same identifier (name{ref-ruiterProductionGestureSpeech2000}) h
as been already used, duplicate ignored
<to be read again> 
                   \relax 
l.694 ...{ref-ruiterProductionGestureSpeech2000}{}
                                                  %pdfTeX warning (ext4): desti
nation with the same identifier (name{ref-silvaSteadystateStressOne2007}) has b
een already used, duplicate ignored
<to be read again> 
                   \relax 
l.697 ...rget{ref-silvaSteadystateStressOne2007}{}
                                                  %pdfTeX warning (ext4): desti
nation with the same identifier (name{ref-stoltmannSyllablepointingGestureCoord
ination2017}) has been already used, duplicate ignored
<to be read again> 
                   \relax 
l.700 ...yllablepointingGestureCoordination2017}{}
                                                  %pdfTeX warning (ext4): desti
nation with the same identifier (name{ref-streeckDepictingGesture2008}) has bee
n already used, duplicate ignored
<to be read again> 
                   \relax 
l.703 ...target{ref-streeckDepictingGesture2008}{}
                                                  %pdfTeX warning (ext4): desti
nation with the same identifier (name{ref-tomaselloOriginsHumanCommunication200
8}) has been already used, duplicate ignored
<to be read again> 
                   \relax 
l.706 ...tomaselloOriginsHumanCommunication2008}{}
                                                  %pdfTeX warning (ext4): desti
nation with the same identifier (name{ref-treffnerIntentionalAttentionalDynamic
s2002}) has been already used, duplicate ignored
<to be read again> 
                   \relax 
l.709 ...fnerIntentionalAttentionalDynamics2002}{}
                                                  %pdfTeX warning (ext4): desti
nation with the same identifier (name{ref-turveyCoordination1990}) has been alr
eady used, duplicate ignored
<to be read again> 
                   \relax 
l.712 ...hypertarget{ref-turveyCoordination1990}{}
                                                  % [41]pdfTeX warning (ext4): 
destination with the same identifier (name{ref-turveyMediumHapticPerception2014
}) has been already used, duplicate ignored
<to be read again> 
                   \relax 
l.715 ...t{ref-turveyMediumHapticPerception2014}{}
                                                  %pdfTeX warning (ext4): desti
nation with the same identifier (name{ref-wagnerGestureSpeechInteraction2014}) 
has been already used, duplicate ignored
<to be read again> 
                   \relax 
l.718 ...ref-wagnerGestureSpeechInteraction2014}{}
                                                  %pdfTeX warning (ext4): desti
nation with the same identifier (name{ref-winkelmannWrasspInterfaceASSP2018}) h
as been already used, duplicate ignored
<to be read again> 
                   \relax 
l.721 ...{ref-winkelmannWrasspInterfaceASSP2018}{}
                                                  %pdfTeX warning (ext4): desti
nation with the same identifier (name{ref-zelicArticulatoryConstraintsSpontaneo
us2015}) has been already used, duplicate ignored
<to be read again> 
                   \relax 
l.724 ...ArticulatoryConstraintsSpontaneous2015}{}
                                                  %pdfTeX warning (ext4): desti
nation with the same identifier (name{ref-zhangVocalDevelopmentMorphological201
8}) has been already used, duplicate ignored
<to be read again> 
                   \relax 
l.727 ...zhangVocalDevelopmentMorphological2018}{}
                                                  % AED endfloat: Processing en
d Figures and Tables [42]
Package atveryend Info: Empty hook `BeforeClearDocument' on input line 733.
Package atveryend Info: Empty hook `AfterLastShipout' on input line 733.
(./GS_physics_in_fluid_speech.aux)
Package atveryend Info: Executing hook `AtVeryEndDocument' on input line 733.
Package atveryend Info: Executing hook `AtEndAfterFileList' on input line 733.
Package rerunfilecheck Info: File `GS_physics_in_fluid_speech.out' has not chan
ged.
(rerunfilecheck)             Checksum: 754D28F64D50A4C6EB5936B304A0EB0F;4531.
 ) 
Here is how much of TeX's memory you used:
 14558 strings out of 494106
 216860 string characters out of 6172215
 293572 words of memory out of 5000000
 18237 multiletter control sequences out of 15000+600000
 47623 words of font info for 50 fonts, out of 8000000 for 9000
 14 hyphenation exceptions out of 8191
 49i,11n,51p,2530b,445s stack positions out of 5000i,500n,10000p,200000b,80000s
{c:/Users/wimpo/AppData/Roaming/TinyTeX/texmf-dist/fonts/enc/dvips/lm/lm-ec.e
nc}<c:/Users/wimpo/AppData/Roaming/TinyTeX/texmf-dist/fonts/type1/public/lm/lmb
x12.pfb><c:/Users/wimpo/AppData/Roaming/TinyTeX/texmf-dist/fonts/type1/public/l
m/lmr12.pfb><c:/Users/wimpo/AppData/Roaming/TinyTeX/texmf-dist/fonts/type1/publ
ic/lm/lmr8.pfb><c:/Users/wimpo/AppData/Roaming/TinyTeX/texmf-dist/fonts/type1/p
ublic/lm/lmri12.pfb><c:/Users/wimpo/AppData/Roaming/TinyTeX/texmf-dist/fonts/ty
pe1/public/lm/lmss8.pfb>
Output written on GS_physics_in_fluid_speech.pdf (42 pages, 2350557 bytes).
PDF statistics:
 602 PDF objects out of 1000 (max. 8388607)
 531 compressed objects within 6 object streams
 153 named destinations out of 1000 (max. 500000)
 228 words of extra memory for PDF output out of 10000 (max. 10000000)

